# JRE version: OpenJDK Runtime Environment Temurin-17.0.19+10 (17.0.19+10) (build 17.0.19+10)
# Java VM: OpenJDK 64-Bit Server VM Temurin-17.0.19+10 (17.0.19+10, mixed mode, emulated-client, sharing, tiered, compressed oops, compressed class ptrs, g1 gc, windows-amd64)
GC Precious Log:
 CPUs: 4 total, 4 available
 Memory: 8092M
 Large Page Support: Disabled
 NUMA Support: Disabled
 Compressed Oops: Enabled (32-bit)
 Heap Region Size: 1M
 Heap Min Capacity: 8M
 Heap Initial Capacity: 128M
 Heap Max Capacity: 2024M
 Pre-touch: Disabled
 Parallel Workers: 4
 Concurrent Workers: 1
 Concurrent Refinement Workers: 4
 Periodic GC: Disabled
Heap:
 garbage-first heap   total 81920K, used 39721K [0x0000000081800000, 0x0000000100000000)
  region size 1024K, 16 young (16384K), 1 survivors (1024K)
 Metaspace       used 62561K, committed 63104K, reserved 1114112K
  class space    used 9033K, committed 9280K, reserved 1048576K
GC Heap History (20 events):
Event: 3.463 GC heap before
{Heap before GC invocations=3 (full 0):
 garbage-first heap   total 131072K, used 56718K [0x0000000081800000, 0x0000000100000000)
  region size 1024K, 50 young (51200K), 3 survivors (3072K)
 Metaspace       used 21077K, committed 21504K, reserved 1114112K
  class space    used 2862K, committed 3072K, reserved 1048576K
}
Event: 3.473 GC heap after
{Heap after GC invocations=4 (full 0):
 garbage-first heap   total 131072K, used 14336K [0x0000000081800000, 0x0000000100000000)
  region size 1024K, 6 young (6144K), 6 survivors (6144K)
 Metaspace       used 21077K, committed 21504K, reserved 1114112K
  class space    used 2862K, committed 3072K, reserved 1048576K
}
Event: 4.141 GC heap before
{Heap before GC invocations=5 (full 0):
 garbage-first heap   total 51200K, used 39936K [0x0000000081800000, 0x0000000100000000)
  region size 1024K, 33 young (33792K), 6 survivors (6144K)
 Metaspace       used 23844K, committed 24320K, reserved 1114112K
  class space    used 3296K, committed 3520K, reserved 1048576K
}
Event: 4.161 GC heap after
{Heap after GC invocations=6 (full 0):
 garbage-first heap   total 51200K, used 16049K [0x0000000081800000, 0x0000000100000000)
  region size 1024K, 6 young (6144K), 6 survivors (6144K)
 Metaspace       used 23844K, committed 24320K, reserved 1114112K
  class space    used 3296K, committed 3520K, reserved 1048576K
}
Event: 4.199 GC heap before
{Heap before GC invocations=6 (full 0):
 garbage-first heap   total 51200K, used 17073K [0x0000000081800000, 0x0000000100000000)
  region size 1024K, 7 young (7168K), 6 survivors (6144K)
 Metaspace       used 23914K, committed 24384K, reserved 1114112K
  class space    used 3311K, committed 3520K, reserved 1048576K
}
Event: 4.211 GC heap after
{Heap after GC invocations=7 (full 0):
 garbage-first heap   total 51200K, used 16524K [0x0000000081800000, 0x0000000100000000)
  region size 1024K, 1 young (1024K), 1 survivors (1024K)
 Metaspace       used 23914K, committed 24384K, reserved 1114112K
  class space    used 3311K, committed 3520K, reserved 1048576K
}
Event: 4.734 GC heap before
{Heap before GC invocations=7 (full 0):
 garbage-first heap   total 51200K, used 35980K [0x0000000081800000, 0x0000000100000000)
  region size 1024K, 20 young (20480K), 1 survivors (1024K)
 Metaspace       used 27273K, committed 27712K, reserved 1114112K
  class space    used 3822K, committed 4032K, reserved 1048576K
}
Event: 4.742 GC heap after
{Heap after GC invocations=8 (full 0):
 garbage-first heap   total 51200K, used 17704K [0x0000000081800000, 0x0000000100000000)
  region size 1024K, 3 young (3072K), 3 survivors (3072K)
 Metaspace       used 27273K, committed 27712K, reserved 1114112K
  class space    used 3822K, committed 4032K, reserved 1048576K
}
Event: 5.248 GC heap before
{Heap before GC invocations=8 (full 0):
 garbage-first heap   total 51200K, used 35112K [0x0000000081800000, 0x0000000100000000)
  region size 1024K, 21 young (21504K), 3 survivors (3072K)
 Metaspace       used 30289K, committed 30784K, reserved 1114112K
  class space    used 4231K, committed 4480K, reserved 1048576K
}
Event: 5.253 GC heap after
{Heap after GC invocations=9 (full 0):
 garbage-first heap   total 51200K, used 19546K [0x0000000081800000, 0x0000000100000000)
  region size 1024K, 2 young (2048K), 2 survivors (2048K)
 Metaspace       used 30289K, committed 30784K, reserved 1114112K
  class space    used 4231K, committed 4480K, reserved 1048576K
}
Event: 5.558 GC heap before
{Heap before GC invocations=9 (full 0):
 garbage-first heap   total 51200K, used 36954K [0x0000000081800000, 0x0000000100000000)
  region size 1024K, 20 young (20480K), 2 survivors (2048K)
 Metaspace       used 34964K, committed 35456K, reserved 1114112K
  class space    used 4906K, committed 5120K, reserved 1048576K
}
Event: 5.563 GC heap after
{Heap after GC invocations=10 (full 0):
 garbage-first heap   total 92160K, used 20480K [0x0000000081800000, 0x0000000100000000)
  region size 1024K, 1 young (1024K), 1 survivors (1024K)
 Metaspace       used 34964K, committed 35456K, reserved 1114112K
  class space    used 4906K, committed 5120K, reserved 1048576K
}
Event: 5.654 GC heap before
{Heap before GC invocations=10 (full 0):
 garbage-first heap   total 92160K, used 23552K [0x0000000081800000, 0x0000000100000000)
  region size 1024K, 5 young (5120K), 1 survivors (1024K)
 Metaspace       used 35485K, committed 35968K, reserved 1114112K
  class space    used 5034K, committed 5248K, reserved 1048576K
}
Event: 5.657 GC heap after
{Heap after GC invocations=11 (full 0):
 garbage-first heap   total 92160K, used 20745K [0x0000000081800000, 0x0000000100000000)
  region size 1024K, 2 young (2048K), 2 survivors (2048K)
 Metaspace       used 35485K, committed 35968K, reserved 1114112K
  class space    used 5034K, committed 5248K, reserved 1048576K
}
Event: 6.823 GC heap before
{Heap before GC invocations=12 (full 0):
 garbage-first heap   total 81920K, used 70921K [0x0000000081800000, 0x0000000100000000)
  region size 1024K, 51 young (52224K), 2 survivors (2048K)
 Metaspace       used 49819K, committed 50368K, reserved 1114112K
  class space    used 7090K, committed 7360K, reserved 1048576K
}
Event: 6.832 GC heap after
{Heap after GC invocations=13 (full 0):
 garbage-first heap   total 81920K, used 24576K [0x0000000081800000, 0x0000000100000000)
  region size 1024K, 5 young (5120K), 5 survivors (5120K)
 Metaspace       used 49819K, committed 50368K, reserved 1114112K
  class space    used 7090K, committed 7360K, reserved 1048576K
}
Event: 7.788 GC heap before
{Heap before GC invocations=14 (full 0):
 garbage-first heap   total 81920K, used 62464K [0x0000000081800000, 0x0000000100000000)
  region size 1024K, 43 young (44032K), 5 survivors (5120K)
 Metaspace       used 58697K, committed 59264K, reserved 1114112K
  class space    used 8460K, committed 8704K, reserved 1048576K
}
Event: 7.797 GC heap after
{Heap after GC invocations=15 (full 0):
 garbage-first heap   total 81920K, used 26381K [0x0000000081800000, 0x0000000100000000)
  region size 1024K, 2 young (2048K), 2 survivors (2048K)
 Metaspace       used 58697K, committed 59264K, reserved 1114112K
  class space    used 8460K, committed 8704K, reserved 1048576K
}
Event: 7.834 GC heap before
{Heap before GC invocations=15 (full 0):
 garbage-first heap   total 81920K, used 28429K [0x0000000081800000, 0x0000000100000000)
  region size 1024K, 4 young (4096K), 2 survivors (2048K)
 Metaspace       used 58966K, committed 59520K, reserved 1114112K
  class space    used 8491K, committed 8768K, reserved 1048576K
}
Event: 7.838 GC heap after
{Heap after GC invocations=16 (full 0):
 garbage-first heap   total 81920K, used 26409K [0x0000000081800000, 0x0000000100000000)
  region size 1024K, 1 young (1024K), 1 survivors (1024K)
 Metaspace       used 58966K, committed 59520K, reserved 1114112K
  class space    used 8491K, committed 8768K, reserved 1048576K
}

